{"/home/twotea/term6/ppo/new_git/frontend/src/lib/Config.ts": {"path":"/home/twotea/term6/ppo/new_git/frontend/src/lib/Config.ts","statementMap":{"0":{"start":{"line":1,"column":22},"end":{"line":1,"column":43}},"1":{"start":{"line":2,"column":19},"end":{"line":2,"column":27}}},"fnMap":{},"branchMap":{},"s":{"0":1,"1":1},"f":{},"b":{},"meta":{"lastBranch":0,"lastFunction":0,"lastStatement":2,"seen":{"s:1:22:1:43":0,"s:2:19:2:27":1}}}
,"/home/twotea/term6/ppo/new_git/frontend/src/lib/viewmodels/LoginViewModel.ts": {"path":"/home/twotea/term6/ppo/new_git/frontend/src/lib/viewmodels/LoginViewModel.ts","statementMap":{"0":{"start":{"line":7,"column":21},"end":{"line":31,"column":null}},"1":{"start":{"line":12,"column":1},"end":{"line":30,"column":null}},"2":{"start":{"line":13,"column":2},"end":{"line":29,"column":null}},"3":{"start":{"line":24,"column":4},"end":{"line":27,"column":null}},"4":{"start":{"line":25,"column":5},"end":{"line":25,"column":null}},"5":{"start":{"line":26,"column":5},"end":{"line":26,"column":null}},"6":{"start":{"line":29,"column":16},"end":{"line":29,"column":55}},"7":{"start":{"line":33,"column":22},"end":{"line":53,"column":null}},"8":{"start":{"line":37,"column":1},"end":{"line":52,"column":null}},"9":{"start":{"line":38,"column":2},"end":{"line":51,"column":null}},"10":{"start":{"line":39,"column":23},"end":{"line":39,"column":null}},"11":{"start":{"line":40,"column":20},"end":{"line":45,"column":null}},"12":{"start":{"line":46,"column":3},"end":{"line":48,"column":null}},"13":{"start":{"line":47,"column":4},"end":{"line":47,"column":null}},"14":{"start":{"line":50,"column":3},"end":{"line":50,"column":null}}},"fnMap":{"0":{"name":"(anonymous_0)","decl":{"start":{"line":7,"column":21},"end":{"line":7,"column":null}},"loc":{"start":{"line":11,"column":11},"end":{"line":31,"column":null}},"line":11},"1":{"name":"(anonymous_1)","decl":{"start":{"line":23,"column":9},"end":{"line":23,"column":15}},"loc":{"start":{"line":23,"column":15},"end":{"line":28,"column":4}},"line":23},"2":{"name":"(anonymous_2)","decl":{"start":{"line":24,"column":46},"end":{"line":24,"column":52}},"loc":{"start":{"line":24,"column":52},"end":{"line":27,"column":5}},"line":24},"3":{"name":"(anonymous_3)","decl":{"start":{"line":29,"column":10},"end":{"line":29,"column":16}},"loc":{"start":{"line":29,"column":16},"end":{"line":29,"column":55}},"line":29},"4":{"name":"(anonymous_4)","decl":{"start":{"line":33,"column":22},"end":{"line":33,"column":null}},"loc":{"start":{"line":36,"column":20},"end":{"line":53,"column":null}},"line":36}},"branchMap":{"0":{"loc":{"start":{"line":12,"column":1},"end":{"line":30,"column":null}},"type":"if","locations":[{"start":{"line":12,"column":1},"end":{"line":30,"column":null}},{"start":{},"end":{}}],"line":12},"1":{"loc":{"start":{"line":37,"column":1},"end":{"line":52,"column":null}},"type":"if","locations":[{"start":{"line":37,"column":1},"end":{"line":52,"column":null}},{"start":{},"end":{}}],"line":37},"2":{"loc":{"start":{"line":46,"column":3},"end":{"line":48,"column":null}},"type":"if","locations":[{"start":{"line":46,"column":3},"end":{"line":48,"column":null}},{"start":{},"end":{}}],"line":46}},"s":{"0":1,"1":0,"2":0,"3":0,"4":0,"5":0,"6":0,"7":1,"8":3,"9":3,"10":3,"11":3,"12":2,"13":1,"14":1},"f":{"0":0,"1":0,"2":0,"3":0,"4":3},"b":{"0":[0,0],"1":[3,0],"2":[1,1]},"meta":{"lastBranch":3,"lastFunction":5,"lastStatement":15,"seen":{"s:7:21:31:Infinity":0,"f:7:21:7:Infinity":0,"b:12:1:30:Infinity:undefined:undefined:undefined:undefined":0,"s:12:1:30:Infinity":1,"s:13:2:29:Infinity":2,"f:23:9:23:15":1,"s:24:4:27:Infinity":3,"f:24:46:24:52":2,"s:25:5:25:Infinity":4,"s:26:5:26:Infinity":5,"f:29:10:29:16":3,"s:29:16:29:55":6,"s:33:22:53:Infinity":7,"f:33:22:33:Infinity":4,"b:37:1:52:Infinity:undefined:undefined:undefined:undefined":1,"s:37:1:52:Infinity":8,"s:38:2:51:Infinity":9,"s:39:23:39:Infinity":10,"s:40:20:45:Infinity":11,"b:46:3:48:Infinity:undefined:undefined:undefined:undefined":2,"s:46:3:48:Infinity":12,"s:47:4:47:Infinity":13,"s:50:3:50:Infinity":14}}}
,"/home/twotea/term6/ppo/new_git/frontend/src/lib/viewmodels/PodcastViewModel.ts": {"path":"/home/twotea/term6/ppo/new_git/frontend/src/lib/viewmodels/PodcastViewModel.ts","statementMap":{"0":{"start":{"line":11,"column":37},"end":{"line":28,"column":null}},"1":{"start":{"line":12,"column":17},"end":{"line":12,"column":null}},"2":{"start":{"line":13,"column":15},"end":{"line":13,"column":null}},"3":{"start":{"line":14,"column":17},"end":{"line":14,"column":null}},"4":{"start":{"line":15,"column":14},"end":{"line":15,"column":null}},"5":{"start":{"line":16,"column":1},"end":{"line":27,"column":null}},"6":{"start":{"line":17,"column":2},"end":{"line":21,"column":null}},"7":{"start":{"line":23,"column":2},"end":{"line":26,"column":null}},"8":{"start":{"line":30,"column":31},"end":{"line":36,"column":null}},"9":{"start":{"line":31,"column":1},"end":{"line":35,"column":null}}},"fnMap":{"0":{"name":"(anonymous_0)","decl":{"start":{"line":11,"column":37},"end":{"line":11,"column":38}},"loc":{"start":{"line":11,"column":69},"end":{"line":28,"column":null}},"line":11},"1":{"name":"(anonymous_1)","decl":{"start":{"line":30,"column":31},"end":{"line":30,"column":32}},"loc":{"start":{"line":30,"column":60},"end":{"line":36,"column":null}},"line":30}},"branchMap":{"0":{"loc":{"start":{"line":16,"column":1},"end":{"line":27,"column":null}},"type":"if","locations":[{"start":{"line":16,"column":1},"end":{"line":27,"column":null}},{"start":{"line":22,"column":8},"end":{"line":27,"column":null}}],"line":16}},"s":{"0":3,"1":11,"2":11,"3":11,"4":11,"5":11,"6":5,"7":6,"8":3,"9":6},"f":{"0":11,"1":6},"b":{"0":[5,6]},"meta":{"lastBranch":1,"lastFunction":2,"lastStatement":10,"seen":{"s:11:37:28:Infinity":0,"f:11:37:11:38":0,"s:12:17:12:Infinity":1,"s:13:15:13:Infinity":2,"s:14:17:14:Infinity":3,"s:15:14:15:Infinity":4,"b:16:1:27:Infinity:22:8:27:Infinity":0,"s:16:1:27:Infinity":5,"s:17:2:21:Infinity":6,"s:23:2:26:Infinity":7,"s:30:31:36:Infinity":8,"f:30:31:30:32":1,"s:31:1:35:Infinity":9}}}
,"/home/twotea/term6/ppo/new_git/frontend/src/lib/viewmodels/SearchViewModel.ts": {"path":"/home/twotea/term6/ppo/new_git/frontend/src/lib/viewmodels/SearchViewModel.ts","statementMap":{"0":{"start":{"line":19,"column":14},"end":{"line":26,"column":null}},"1":{"start":{"line":20,"column":1},"end":{"line":25,"column":null}},"2":{"start":{"line":21,"column":12},"end":{"line":21,"column":null}},"3":{"start":{"line":22,"column":2},"end":{"line":22,"column":null}},"4":{"start":{"line":24,"column":2},"end":{"line":24,"column":null}},"5":{"start":{"line":28,"column":22},"end":{"line":66,"column":null}},"6":{"start":{"line":35,"column":1},"end":{"line":65,"column":null}},"7":{"start":{"line":36,"column":2},"end":{"line":63,"column":null}},"8":{"start":{"line":38,"column":4},"end":{"line":38,"column":null}},"9":{"start":{"line":39,"column":20},"end":{"line":45,"column":null}},"10":{"start":{"line":46,"column":3},"end":{"line":60,"column":null}},"11":{"start":{"line":47,"column":4},"end":{"line":47,"column":null}},"12":{"start":{"line":49,"column":26},"end":{"line":49,"column":null}},"13":{"start":{"line":50,"column":4},"end":{"line":57,"column":null}},"14":{"start":{"line":51,"column":5},"end":{"line":53,"column":null}},"15":{"start":{"line":54,"column":5},"end":{"line":56,"column":null}},"16":{"start":{"line":58,"column":4},"end":{"line":58,"column":null}},"17":{"start":{"line":59,"column":4},"end":{"line":59,"column":null}},"18":{"start":{"line":62,"column":3},"end":{"line":62,"column":null}},"19":{"start":{"line":64,"column":2},"end":{"line":64,"column":null}},"20":{"start":{"line":68,"column":20},"end":{"line":101,"column":null}},"21":{"start":{"line":73,"column":1},"end":{"line":100,"column":null}},"22":{"start":{"line":74,"column":2},"end":{"line":98,"column":null}},"23":{"start":{"line":75,"column":23},"end":{"line":75,"column":null}},"24":{"start":{"line":76,"column":20},"end":{"line":82,"column":null}},"25":{"start":{"line":83,"column":3},"end":{"line":95,"column":null}},"26":{"start":{"line":84,"column":4},"end":{"line":84,"column":null}},"27":{"start":{"line":86,"column":26},"end":{"line":86,"column":null}},"28":{"start":{"line":87,"column":4},"end":{"line":89,"column":null}},"29":{"start":{"line":90,"column":4},"end":{"line":92,"column":null}},"30":{"start":{"line":93,"column":4},"end":{"line":93,"column":null}},"31":{"start":{"line":94,"column":4},"end":{"line":94,"column":null}},"32":{"start":{"line":97,"column":3},"end":{"line":97,"column":null}},"33":{"start":{"line":99,"column":2},"end":{"line":99,"column":null}},"34":{"start":{"line":103,"column":29},"end":{"line":123,"column":null}},"35":{"start":{"line":111,"column":1},"end":{"line":121,"column":null}},"36":{"start":{"line":112,"column":2},"end":{"line":112,"column":null}},"37":{"start":{"line":114,"column":2},"end":{"line":120,"column":null}},"38":{"start":{"line":122,"column":1},"end":{"line":122,"column":null}}},"fnMap":{"0":{"name":"(anonymous_0)","decl":{"start":{"line":19,"column":14},"end":{"line":19,"column":15}},"loc":{"start":{"line":19,"column":42},"end":{"line":26,"column":null}},"line":19},"1":{"name":"(anonymous_1)","decl":{"start":{"line":28,"column":22},"end":{"line":28,"column":null}},"loc":{"start":{"line":34,"column":51},"end":{"line":66,"column":null}},"line":34},"2":{"name":"(anonymous_2)","decl":{"start":{"line":68,"column":20},"end":{"line":68,"column":null}},"loc":{"start":{"line":72,"column":51},"end":{"line":101,"column":null}},"line":72},"3":{"name":"(anonymous_3)","decl":{"start":{"line":103,"column":29},"end":{"line":103,"column":null}},"loc":{"start":{"line":109,"column":51},"end":{"line":123,"column":null}},"line":109}},"branchMap":{"0":{"loc":{"start":{"line":35,"column":1},"end":{"line":65,"column":null}},"type":"if","locations":[{"start":{"line":35,"column":1},"end":{"line":65,"column":null}},{"start":{},"end":{}}],"line":35},"1":{"loc":{"start":{"line":46,"column":3},"end":{"line":60,"column":null}},"type":"if","locations":[{"start":{"line":46,"column":3},"end":{"line":60,"column":null}},{"start":{"line":48,"column":10},"end":{"line":60,"column":null}}],"line":46},"2":{"loc":{"start":{"line":73,"column":1},"end":{"line":100,"column":null}},"type":"if","locations":[{"start":{"line":73,"column":1},"end":{"line":100,"column":null}},{"start":{},"end":{}}],"line":73},"3":{"loc":{"start":{"line":83,"column":3},"end":{"line":95,"column":null}},"type":"if","locations":[{"start":{"line":83,"column":3},"end":{"line":95,"column":null}},{"start":{"line":85,"column":10},"end":{"line":95,"column":null}}],"line":83},"4":{"loc":{"start":{"line":111,"column":1},"end":{"line":121,"column":null}},"type":"if","locations":[{"start":{"line":111,"column":1},"end":{"line":121,"column":null}},{"start":{"line":113,"column":8},"end":{"line":121,"column":null}}],"line":111}},"s":{"0":1,"1":4,"2":4,"3":4,"4":3,"5":1,"6":3,"7":3,"8":3,"9":3,"10":2,"11":1,"12":1,"13":1,"14":1,"15":1,"16":1,"17":1,"18":1,"19":2,"20":1,"21":1,"22":1,"23":1,"24":1,"25":1,"26":0,"27":1,"28":1,"29":1,"30":1,"31":1,"32":0,"33":0,"34":1,"35":4,"36":1,"37":3,"38":4},"f":{"0":4,"1":3,"2":1,"3":4},"b":{"0":[3,0],"1":[1,1],"2":[1,0],"3":[0,1],"4":[1,3]},"meta":{"lastBranch":5,"lastFunction":4,"lastStatement":39,"seen":{"s:19:14:26:Infinity":0,"f:19:14:19:15":0,"s:20:1:25:Infinity":1,"s:21:12:21:Infinity":2,"s:22:2:22:Infinity":3,"s:24:2:24:Infinity":4,"s:28:22:66:Infinity":5,"f:28:22:28:Infinity":1,"b:35:1:65:Infinity:undefined:undefined:undefined:undefined":0,"s:35:1:65:Infinity":6,"s:36:2:63:Infinity":7,"s:38:4:38:Infinity":8,"s:39:20:45:Infinity":9,"b:46:3:60:Infinity:48:10:60:Infinity":1,"s:46:3:60:Infinity":10,"s:47:4:47:Infinity":11,"s:49:26:49:Infinity":12,"s:50:4:57:Infinity":13,"s:51:5:53:Infinity":14,"s:54:5:56:Infinity":15,"s:58:4:58:Infinity":16,"s:59:4:59:Infinity":17,"s:62:3:62:Infinity":18,"s:64:2:64:Infinity":19,"s:68:20:101:Infinity":20,"f:68:20:68:Infinity":2,"b:73:1:100:Infinity:undefined:undefined:undefined:undefined":2,"s:73:1:100:Infinity":21,"s:74:2:98:Infinity":22,"s:75:23:75:Infinity":23,"s:76:20:82:Infinity":24,"b:83:3:95:Infinity:85:10:95:Infinity":3,"s:83:3:95:Infinity":25,"s:84:4:84:Infinity":26,"s:86:26:86:Infinity":27,"s:87:4:89:Infinity":28,"s:90:4:92:Infinity":29,"s:93:4:93:Infinity":30,"s:94:4:94:Infinity":31,"s:97:3:97:Infinity":32,"s:99:2:99:Infinity":33,"s:103:29:123:Infinity":34,"f:103:29:103:Infinity":3,"b:111:1:121:Infinity:113:8:121:Infinity":4,"s:111:1:121:Infinity":35,"s:112:2:112:Infinity":36,"s:114:2:120:Infinity":37,"s:122:1:122:Infinity":38}}}
,"/home/twotea/term6/ppo/new_git/frontend/src/lib/viewmodels/SubscribeViewModel.ts": {"path":"/home/twotea/term6/ppo/new_git/frontend/src/lib/viewmodels/SubscribeViewModel.ts","statementMap":{"0":{"start":{"line":21,"column":32},"end":{"line":44,"column":null}},"1":{"start":{"line":25,"column":1},"end":{"line":43,"column":null}},"2":{"start":{"line":27,"column":3},"end":{"line":27,"column":null}},"3":{"start":{"line":28,"column":19},"end":{"line":34,"column":null}},"4":{"start":{"line":35,"column":2},"end":{"line":42,"column":null}},"5":{"start":{"line":36,"column":3},"end":{"line":36,"column":null}},"6":{"start":{"line":37,"column":3},"end":{"line":37,"column":null}},"7":{"start":{"line":40,"column":5},"end":{"line":40,"column":null}},"8":{"start":{"line":41,"column":3},"end":{"line":41,"column":null}},"9":{"start":{"line":46,"column":27},"end":{"line":73,"column":null}},"10":{"start":{"line":51,"column":1},"end":{"line":72,"column":null}},"11":{"start":{"line":52,"column":22},"end":{"line":52,"column":null}},"12":{"start":{"line":53,"column":2},"end":{"line":71,"column":null}},"13":{"start":{"line":54,"column":20},"end":{"line":60,"column":null}},"14":{"start":{"line":61,"column":3},"end":{"line":67,"column":null}},"15":{"start":{"line":62,"column":4},"end":{"line":62,"column":null}},"16":{"start":{"line":63,"column":4},"end":{"line":63,"column":null}},"17":{"start":{"line":65,"column":21},"end":{"line":65,"column":null}},"18":{"start":{"line":66,"column":4},"end":{"line":66,"column":null}},"19":{"start":{"line":69,"column":3},"end":{"line":69,"column":null}},"20":{"start":{"line":70,"column":3},"end":{"line":70,"column":null}},"21":{"start":{"line":75,"column":25},"end":{"line":108,"column":null}},"22":{"start":{"line":81,"column":1},"end":{"line":107,"column":null}},"23":{"start":{"line":83,"column":3},"end":{"line":83,"column":null}},"24":{"start":{"line":84,"column":2},"end":{"line":106,"column":null}},"25":{"start":{"line":85,"column":20},"end":{"line":95,"column":null}},"26":{"start":{"line":96,"column":3},"end":{"line":102,"column":null}},"27":{"start":{"line":97,"column":4},"end":{"line":97,"column":null}},"28":{"start":{"line":98,"column":4},"end":{"line":98,"column":null}},"29":{"start":{"line":100,"column":21},"end":{"line":100,"column":null}},"30":{"start":{"line":101,"column":4},"end":{"line":101,"column":null}},"31":{"start":{"line":104,"column":3},"end":{"line":104,"column":null}},"32":{"start":{"line":105,"column":3},"end":{"line":105,"column":null}}},"fnMap":{"0":{"name":"(anonymous_0)","decl":{"start":{"line":21,"column":32},"end":{"line":21,"column":null}},"loc":{"start":{"line":24,"column":53},"end":{"line":44,"column":null}},"line":24},"1":{"name":"(anonymous_1)","decl":{"start":{"line":46,"column":27},"end":{"line":46,"column":null}},"loc":{"start":{"line":50,"column":35},"end":{"line":73,"column":null}},"line":50},"2":{"name":"(anonymous_2)","decl":{"start":{"line":75,"column":25},"end":{"line":75,"column":null}},"loc":{"start":{"line":80,"column":46},"end":{"line":108,"column":null}},"line":80}},"branchMap":{"0":{"loc":{"start":{"line":25,"column":1},"end":{"line":43,"column":null}},"type":"if","locations":[{"start":{"line":25,"column":1},"end":{"line":43,"column":null}},{"start":{},"end":{}}],"line":25},"1":{"loc":{"start":{"line":35,"column":2},"end":{"line":42,"column":null}},"type":"if","locations":[{"start":{"line":35,"column":2},"end":{"line":42,"column":null}},{"start":{"line":38,"column":9},"end":{"line":42,"column":null}}],"line":35},"2":{"loc":{"start":{"line":51,"column":1},"end":{"line":72,"column":null}},"type":"if","locations":[{"start":{"line":51,"column":1},"end":{"line":72,"column":null}},{"start":{},"end":{}}],"line":51},"3":{"loc":{"start":{"line":61,"column":3},"end":{"line":67,"column":null}},"type":"if","locations":[{"start":{"line":61,"column":3},"end":{"line":67,"column":null}},{"start":{"line":64,"column":10},"end":{"line":67,"column":null}}],"line":61},"4":{"loc":{"start":{"line":81,"column":1},"end":{"line":107,"column":null}},"type":"if","locations":[{"start":{"line":81,"column":1},"end":{"line":107,"column":null}},{"start":{},"end":{}}],"line":81},"5":{"loc":{"start":{"line":96,"column":3},"end":{"line":102,"column":null}},"type":"if","locations":[{"start":{"line":96,"column":3},"end":{"line":102,"column":null}},{"start":{"line":99,"column":10},"end":{"line":102,"column":null}}],"line":96}},"s":{"0":1,"1":2,"2":2,"3":2,"4":2,"5":1,"6":1,"7":1,"8":1,"9":1,"10":3,"11":3,"12":3,"13":3,"14":2,"15":1,"16":1,"17":1,"18":1,"19":1,"20":1,"21":1,"22":3,"23":3,"24":3,"25":3,"26":2,"27":1,"28":1,"29":1,"30":1,"31":1,"32":1},"f":{"0":2,"1":3,"2":3},"b":{"0":[2,0],"1":[1,1],"2":[3,0],"3":[1,1],"4":[3,0],"5":[1,1]},"meta":{"lastBranch":6,"lastFunction":3,"lastStatement":33,"seen":{"s:21:32:44:Infinity":0,"f:21:32:21:Infinity":0,"b:25:1:43:Infinity:undefined:undefined:undefined:undefined":0,"s:25:1:43:Infinity":1,"s:27:3:27:Infinity":2,"s:28:19:34:Infinity":3,"b:35:2:42:Infinity:38:9:42:Infinity":1,"s:35:2:42:Infinity":4,"s:36:3:36:Infinity":5,"s:37:3:37:Infinity":6,"s:40:5:40:Infinity":7,"s:41:3:41:Infinity":8,"s:46:27:73:Infinity":9,"f:46:27:46:Infinity":1,"b:51:1:72:Infinity:undefined:undefined:undefined:undefined":2,"s:51:1:72:Infinity":10,"s:52:22:52:Infinity":11,"s:53:2:71:Infinity":12,"s:54:20:60:Infinity":13,"b:61:3:67:Infinity:64:10:67:Infinity":3,"s:61:3:67:Infinity":14,"s:62:4:62:Infinity":15,"s:63:4:63:Infinity":16,"s:65:21:65:Infinity":17,"s:66:4:66:Infinity":18,"s:69:3:69:Infinity":19,"s:70:3:70:Infinity":20,"s:75:25:108:Infinity":21,"f:75:25:75:Infinity":2,"b:81:1:107:Infinity:undefined:undefined:undefined:undefined":4,"s:81:1:107:Infinity":22,"s:83:3:83:Infinity":23,"s:84:2:106:Infinity":24,"s:85:20:95:Infinity":25,"b:96:3:102:Infinity:99:10:102:Infinity":5,"s:96:3:102:Infinity":26,"s:97:4:97:Infinity":27,"s:98:4:98:Infinity":28,"s:100:21:100:Infinity":29,"s:101:4:101:Infinity":30,"s:104:3:104:Infinity":31,"s:105:3:105:Infinity":32}}}
,"/home/twotea/term6/ppo/new_git/frontend/src/lib/viewmodels/feed/FeedViewModel.ts": {"path":"/home/twotea/term6/ppo/new_git/frontend/src/lib/viewmodels/feed/FeedViewModel.ts","statementMap":{"0":{"start":{"line":19,"column":30},"end":{"line":55,"column":null}},"1":{"start":{"line":24,"column":1},"end":{"line":54,"column":null}},"2":{"start":{"line":25,"column":2},"end":{"line":52,"column":null}},"3":{"start":{"line":26,"column":20},"end":{"line":35,"column":null}},"4":{"start":{"line":36,"column":3},"end":{"line":49,"column":null}},"5":{"start":{"line":37,"column":4},"end":{"line":37,"column":null}},"6":{"start":{"line":39,"column":26},"end":{"line":39,"column":null}},"7":{"start":{"line":40,"column":4},"end":{"line":47,"column":null}},"8":{"start":{"line":41,"column":5},"end":{"line":43,"column":null}},"9":{"start":{"line":44,"column":5},"end":{"line":46,"column":null}},"10":{"start":{"line":48,"column":4},"end":{"line":48,"column":null}},"11":{"start":{"line":51,"column":3},"end":{"line":51,"column":null}},"12":{"start":{"line":53,"column":2},"end":{"line":53,"column":null}}},"fnMap":{"0":{"name":"(anonymous_0)","decl":{"start":{"line":19,"column":30},"end":{"line":19,"column":null}},"loc":{"start":{"line":23,"column":51},"end":{"line":55,"column":null}},"line":23}},"branchMap":{"0":{"loc":{"start":{"line":24,"column":1},"end":{"line":54,"column":null}},"type":"if","locations":[{"start":{"line":24,"column":1},"end":{"line":54,"column":null}},{"start":{},"end":{}}],"line":24},"1":{"loc":{"start":{"line":36,"column":3},"end":{"line":49,"column":null}},"type":"if","locations":[{"start":{"line":36,"column":3},"end":{"line":49,"column":null}},{"start":{"line":38,"column":10},"end":{"line":49,"column":null}}],"line":36}},"s":{"0":1,"1":3,"2":3,"3":3,"4":2,"5":1,"6":1,"7":1,"8":2,"9":2,"10":1,"11":1,"12":2},"f":{"0":3},"b":{"0":[3,0],"1":[1,1]},"meta":{"lastBranch":2,"lastFunction":1,"lastStatement":13,"seen":{"s:19:30:55:Infinity":0,"f:19:30:19:Infinity":0,"b:24:1:54:Infinity:undefined:undefined:undefined:undefined":0,"s:24:1:54:Infinity":1,"s:25:2:52:Infinity":2,"s:26:20:35:Infinity":3,"b:36:3:49:Infinity:38:10:49:Infinity":1,"s:36:3:49:Infinity":4,"s:37:4:37:Infinity":5,"s:39:26:39:Infinity":6,"s:40:4:47:Infinity":7,"s:41:5:43:Infinity":8,"s:44:5:46:Infinity":9,"s:48:4:48:Infinity":10,"s:51:3:51:Infinity":11,"s:53:2:53:Infinity":12}}}
}
